<?xml version="1.0" encoding="UTF-8"?>
<coverage generated="1622374285546" clover="3.2.0">
  <project timestamp="1622374285546" name="All files">
    <metrics statements="141" coveredstatements="100" conditionals="21" coveredconditionals="6" methods="27" coveredmethods="11" elements="189" coveredelements="117" complexity="0" loc="141" ncloc="141" packages="6" files="11" classes="11"/>
    <package name="src">
      <metrics statements="38" coveredstatements="29" conditionals="2" coveredconditionals="1" methods="8" coveredmethods="2"/>
      <file name="app.ts" path="/Users/codepirate/project/cp-chat/auth/src/app.ts">
        <metrics statements="22" coveredstatements="21" conditionals="0" coveredconditionals="0" methods="2" coveredmethods="0"/>
        <line num="1" count="4" type="stmt"/>
        <line num="2" count="4" type="stmt"/>
        <line num="3" count="4" type="stmt"/>
        <line num="4" count="4" type="stmt"/>
        <line num="5" count="4" type="stmt"/>
        <line num="6" count="4" type="stmt"/>
        <line num="7" count="4" type="stmt"/>
        <line num="8" count="4" type="stmt"/>
        <line num="9" count="4" type="stmt"/>
        <line num="10" count="4" type="stmt"/>
        <line num="12" count="4" type="stmt"/>
        <line num="13" count="4" type="stmt"/>
        <line num="14" count="4" type="stmt"/>
        <line num="15" count="4" type="stmt"/>
        <line num="23" count="4" type="stmt"/>
        <line num="24" count="4" type="stmt"/>
        <line num="26" count="4" type="stmt"/>
        <line num="27" count="4" type="stmt"/>
        <line num="29" count="4" type="stmt"/>
        <line num="30" count="0" type="stmt"/>
        <line num="33" count="4" type="stmt"/>
        <line num="35" count="4" type="stmt"/>
      </file>
      <file name="nats-wrapper.ts" path="/Users/codepirate/project/cp-chat/auth/src/nats-wrapper.ts">
        <metrics statements="16" coveredstatements="8" conditionals="2" coveredconditionals="1" methods="6" coveredmethods="2"/>
        <line num="1" count="4" type="stmt"/>
        <line num="3" count="4" type="stmt"/>
        <line num="6" count="4" type="stmt"/>
        <line num="7" count="7" type="cond" truecount="1" falsecount="1"/>
        <line num="8" count="7" type="stmt"/>
        <line num="11" count="0" type="stmt"/>
        <line num="14" count="4" type="stmt"/>
        <line num="15" count="0" type="stmt"/>
        <line num="17" count="0" type="stmt"/>
        <line num="18" count="0" type="stmt"/>
        <line num="19" count="0" type="stmt"/>
        <line num="20" count="0" type="stmt"/>
        <line num="22" count="0" type="stmt"/>
        <line num="23" count="0" type="stmt"/>
        <line num="27" count="4" type="stmt"/>
        <line num="29" count="4" type="stmt"/>
      </file>
    </package>
    <package name="src.events">
      <metrics statements="13" coveredstatements="6" conditionals="4" coveredconditionals="2" methods="6" coveredmethods="2"/>
      <file name="base-publisher.ts" path="/Users/codepirate/project/cp-chat/auth/src/events/base-publisher.ts">
        <metrics statements="10" coveredstatements="3" conditionals="2" coveredconditionals="0" methods="5" coveredmethods="1"/>
        <line num="9" count="4" type="stmt"/>
        <line num="14" count="0" type="stmt"/>
        <line num="17" count="4" type="stmt"/>
        <line num="18" count="0" type="stmt"/>
        <line num="19" count="0" type="stmt"/>
        <line num="20" count="0" type="cond" truecount="0" falsecount="2"/>
        <line num="21" count="0" type="stmt"/>
        <line num="23" count="0" type="stmt"/>
        <line num="24" count="0" type="stmt"/>
        <line num="28" count="4" type="stmt"/>
      </file>
      <file name="subjects.ts" path="/Users/codepirate/project/cp-chat/auth/src/events/subjects.ts">
        <metrics statements="3" coveredstatements="3" conditionals="2" coveredconditionals="2" methods="1" coveredmethods="1"/>
        <line num="1" count="4" type="cond" truecount="2" falsecount="0"/>
        <line num="2" count="4" type="stmt"/>
        <line num="3" count="4" type="stmt"/>
      </file>
    </package>
    <package name="src.events.publishers">
      <metrics statements="5" coveredstatements="4" conditionals="3" coveredconditionals="0" methods="1" coveredmethods="1"/>
      <file name="user-created-publisher.ts" path="/Users/codepirate/project/cp-chat/auth/src/events/publishers/user-created-publisher.ts">
        <metrics statements="5" coveredstatements="4" conditionals="3" coveredconditionals="0" methods="1" coveredmethods="1"/>
        <line num="1" count="4" type="stmt"/>
        <line num="2" count="4" type="stmt"/>
        <line num="5" count="4" type="cond" truecount="0" falsecount="3"/>
        <line num="6" count="0" type="stmt"/>
        <line num="7" count="4" type="stmt"/>
      </file>
    </package>
    <package name="src.models">
      <metrics statements="16" coveredstatements="12" conditionals="2" coveredconditionals="1" methods="3" coveredmethods="2"/>
      <file name="user.ts" path="/Users/codepirate/project/cp-chat/auth/src/models/user.ts">
        <metrics statements="16" coveredstatements="12" conditionals="2" coveredconditionals="1" methods="3" coveredmethods="2"/>
        <line num="1" count="4" type="stmt"/>
        <line num="2" count="4" type="stmt"/>
        <line num="23" count="4" type="stmt"/>
        <line num="45" count="4" type="stmt"/>
        <line num="47" count="0" type="stmt"/>
        <line num="48" count="0" type="stmt"/>
        <line num="49" count="0" type="stmt"/>
        <line num="50" count="0" type="stmt"/>
        <line num="57" count="4" type="stmt"/>
        <line num="58" count="7" type="cond" truecount="1" falsecount="1"/>
        <line num="59" count="7" type="stmt"/>
        <line num="60" count="7" type="stmt"/>
        <line num="62" count="7" type="stmt"/>
        <line num="65" count="7" type="stmt"/>
        <line num="67" count="4" type="stmt"/>
        <line num="69" count="4" type="stmt"/>
      </file>
    </package>
    <package name="src.routes">
      <metrics statements="56" coveredstatements="39" conditionals="10" coveredconditionals="2" methods="6" coveredmethods="2"/>
      <file name="current-user.ts" path="/Users/codepirate/project/cp-chat/auth/src/routes/current-user.ts">
        <metrics statements="6" coveredstatements="5" conditionals="2" coveredconditionals="0" methods="1" coveredmethods="0"/>
        <line num="1" count="4" type="stmt"/>
        <line num="2" count="4" type="stmt"/>
        <line num="4" count="4" type="stmt"/>
        <line num="6" count="4" type="stmt"/>
        <line num="10" count="0" type="cond" truecount="0" falsecount="2"/>
        <line num="14" count="4" type="stmt"/>
      </file>
      <file name="signin.ts" path="/Users/codepirate/project/cp-chat/auth/src/routes/signin.ts">
        <metrics statements="22" coveredstatements="10" conditionals="4" coveredconditionals="0" methods="2" coveredmethods="0"/>
        <line num="1" count="4" type="stmt"/>
        <line num="2" count="4" type="stmt"/>
        <line num="3" count="4" type="stmt"/>
        <line num="4" count="4" type="stmt"/>
        <line num="5" count="4" type="stmt"/>
        <line num="6" count="4" type="stmt"/>
        <line num="7" count="4" type="stmt"/>
        <line num="9" count="4" type="stmt"/>
        <line num="11" count="4" type="stmt"/>
        <line num="21" count="0" type="stmt"/>
        <line num="22" count="0" type="stmt"/>
        <line num="24" count="0" type="stmt"/>
        <line num="25" count="0" type="cond" truecount="0" falsecount="2"/>
        <line num="26" count="0" type="stmt"/>
        <line num="29" count="0" type="stmt"/>
        <line num="33" count="0" type="cond" truecount="0" falsecount="2"/>
        <line num="34" count="0" type="stmt"/>
        <line num="38" count="0" type="stmt"/>
        <line num="47" count="0" type="stmt"/>
        <line num="50" count="0" type="stmt"/>
        <line num="52" count="0" type="stmt"/>
        <line num="56" count="4" type="stmt"/>
      </file>
      <file name="signout.ts" path="/Users/codepirate/project/cp-chat/auth/src/routes/signout.ts">
        <metrics statements="6" coveredstatements="4" conditionals="0" coveredconditionals="0" methods="1" coveredmethods="0"/>
        <line num="1" count="4" type="stmt"/>
        <line num="3" count="4" type="stmt"/>
        <line num="5" count="4" type="stmt"/>
        <line num="6" count="0" type="stmt"/>
        <line num="8" count="0" type="stmt"/>
        <line num="11" count="4" type="stmt"/>
      </file>
      <file name="signup.ts" path="/Users/codepirate/project/cp-chat/auth/src/routes/signup.ts">
        <metrics statements="22" coveredstatements="20" conditionals="4" coveredconditionals="2" methods="2" coveredmethods="2"/>
        <line num="1" count="4" type="stmt"/>
        <line num="2" count="4" type="stmt"/>
        <line num="3" count="4" type="stmt"/>
        <line num="4" count="4" type="stmt"/>
        <line num="5" count="4" type="stmt"/>
        <line num="6" count="4" type="stmt"/>
        <line num="7" count="4" type="stmt"/>
        <line num="8" count="4" type="stmt"/>
        <line num="10" count="4" type="stmt"/>
        <line num="12" count="4" type="stmt"/>
        <line num="22" count="7" type="stmt"/>
        <line num="23" count="7" type="stmt"/>
        <line num="30" count="7" type="stmt"/>
        <line num="32" count="7" type="cond" truecount="1" falsecount="1"/>
        <line num="33" count="0" type="stmt"/>
        <line num="36" count="7" type="stmt"/>
        <line num="37" count="14" type="stmt"/>
        <line num="40" count="7" type="stmt"/>
        <line num="49" count="7" type="stmt"/>
        <line num="53" count="7" type="stmt"/>
        <line num="58" count="0" type="stmt"/>
        <line num="62" count="4" type="stmt"/>
      </file>
    </package>
    <package name="src.services">
      <metrics statements="13" coveredstatements="10" conditionals="0" coveredconditionals="0" methods="3" coveredmethods="2"/>
      <file name="password.ts" path="/Users/codepirate/project/cp-chat/auth/src/services/password.ts">
        <metrics statements="13" coveredstatements="10" conditionals="0" coveredconditionals="0" methods="3" coveredmethods="2"/>
        <line num="1" count="4" type="stmt"/>
        <line num="2" count="4" type="stmt"/>
        <line num="4" count="4" type="stmt"/>
        <line num="6" count="4" type="stmt"/>
        <line num="7" count="4" type="stmt"/>
        <line num="8" count="7" type="stmt"/>
        <line num="9" count="7" type="stmt"/>
        <line num="11" count="7" type="stmt"/>
        <line num="14" count="4" type="stmt"/>
        <line num="15" count="0" type="stmt"/>
        <line num="16" count="0" type="stmt"/>
        <line num="18" count="0" type="stmt"/>
        <line num="20" count="4" type="stmt"/>
      </file>
    </package>
  </project>
</coverage>
