TN:
SF:src/app.ts
FN:29,(anonymous_14)
FN:29,(anonymous_15)
FNF:2
FNH:0
FNDA:0,(anonymous_14)
FNDA:0,(anonymous_15)
DA:1,4
DA:2,4
DA:3,4
DA:4,4
DA:5,4
DA:6,4
DA:7,4
DA:8,4
DA:9,4
DA:10,4
DA:12,4
DA:13,4
DA:14,4
DA:15,4
DA:23,4
DA:24,4
DA:26,4
DA:27,4
DA:29,4
DA:30,0
DA:33,4
DA:35,4
LF:22
LH:21
BRF:0
BRH:0
end_of_record
TN:
SF:src/nats-wrapper.ts
FN:3,(anonymous_1)
FN:6,(anonymous_3)
FN:14,(anonymous_4)
FN:17,(anonymous_5)
FN:18,(anonymous_6)
FN:22,(anonymous_7)
FNF:6
FNH:2
FNDA:8,(anonymous_1)
FNDA:7,(anonymous_3)
FNDA:0,(anonymous_4)
FNDA:0,(anonymous_5)
FNDA:0,(anonymous_6)
FNDA:0,(anonymous_7)
DA:1,4
DA:3,4
DA:6,4
DA:7,7
DA:8,7
DA:11,0
DA:14,4
DA:15,0
DA:17,0
DA:18,0
DA:19,0
DA:20,0
DA:22,0
DA:23,0
DA:27,4
DA:29,4
LF:16
LH:8
BRDA:7,0,0,7
BRDA:7,0,1,0
BRF:2
BRH:1
end_of_record
TN:
SF:src/events/base-publisher.ts
FN:9,(anonymous_0)
FN:13,Publisher
FN:17,(anonymous_2)
FN:18,(anonymous_3)
FN:19,(anonymous_4)
FNF:5
FNH:1
FNDA:4,(anonymous_0)
FNDA:0,Publisher
FNDA:0,(anonymous_2)
FNDA:0,(anonymous_3)
FNDA:0,(anonymous_4)
DA:9,4
DA:14,0
DA:17,4
DA:18,0
DA:19,0
DA:20,0
DA:21,0
DA:23,0
DA:24,0
DA:28,4
LF:10
LH:3
BRDA:20,0,0,0
BRDA:20,0,1,0
BRF:2
BRH:0
end_of_record
TN:
SF:src/events/subjects.ts
FN:1,(anonymous_0)
FNF:1
FNH:1
FNDA:4,(anonymous_0)
DA:1,4
DA:2,4
DA:3,4
LF:3
LH:3
BRDA:1,0,0,4
BRDA:1,0,1,4
BRF:2
BRH:2
end_of_record
TN:
SF:src/events/publishers/user-created-publisher.ts
FN:5,(anonymous_6)
FNF:1
FNH:1
FNDA:4,(anonymous_6)
DA:1,4
DA:2,4
DA:5,4
DA:6,0
DA:7,4
LF:5
LH:4
BRDA:5,0,0,0
BRDA:5,0,1,0
BRDA:5,0,2,0
BRF:3
BRH:0
end_of_record
TN:
SF:src/models/user.ts
FN:46,(anonymous_14)
FN:57,(anonymous_15)
FN:65,(anonymous_18)
FNF:3
FNH:2
FNDA:0,(anonymous_14)
FNDA:7,(anonymous_15)
FNDA:7,(anonymous_18)
DA:1,4
DA:2,4
DA:23,4
DA:45,4
DA:47,0
DA:48,0
DA:49,0
DA:50,0
DA:57,4
DA:58,7
DA:59,7
DA:60,7
DA:62,7
DA:65,7
DA:67,4
DA:69,4
LF:16
LH:12
BRDA:58,0,0,0
BRDA:58,0,1,7
BRF:2
BRH:1
end_of_record
TN:
SF:src/routes/current-user.ts
FN:9,(anonymous_1)
FNF:1
FNH:0
FNDA:0,(anonymous_1)
DA:1,4
DA:2,4
DA:4,4
DA:6,4
DA:10,0
DA:14,4
LF:6
LH:5
BRDA:10,0,0,0
BRDA:10,0,1,0
BRF:2
BRH:0
end_of_record
TN:
SF:src/routes/signin.ts
FN:21,(anonymous_14)
FN:21,(anonymous_15)
FNF:2
FNH:0
FNDA:0,(anonymous_14)
FNDA:0,(anonymous_15)
DA:1,4
DA:2,4
DA:3,4
DA:4,4
DA:5,4
DA:6,4
DA:7,4
DA:9,4
DA:11,4
DA:21,0
DA:22,0
DA:24,0
DA:25,0
DA:26,0
DA:29,0
DA:33,0
DA:34,0
DA:38,0
DA:47,0
DA:50,0
DA:52,0
DA:56,4
LF:22
LH:10
BRDA:25,0,0,0
BRDA:25,0,1,0
BRDA:33,1,0,0
BRDA:33,1,1,0
BRF:4
BRH:0
end_of_record
TN:
SF:src/routes/signout.ts
FN:5,(anonymous_1)
FNF:1
FNH:0
FNDA:0,(anonymous_1)
DA:1,4
DA:3,4
DA:5,4
DA:6,0
DA:8,0
DA:11,4
LF:6
LH:4
BRF:0
BRH:0
end_of_record
TN:
SF:src/routes/signup.ts
FN:22,(anonymous_16)
FN:22,(anonymous_17)
FNF:2
FNH:2
FNDA:7,(anonymous_16)
FNDA:7,(anonymous_17)
DA:1,4
DA:2,4
DA:3,4
DA:4,4
DA:5,4
DA:6,4
DA:7,4
DA:8,4
DA:10,4
DA:12,4
DA:22,7
DA:23,7
DA:30,7
DA:32,7
DA:33,0
DA:36,7
DA:37,14
DA:40,7
DA:49,7
DA:53,7
DA:58,0
DA:62,4
LF:22
LH:20
BRDA:27,0,0,7
BRDA:27,0,1,0
BRDA:32,1,0,0
BRDA:32,1,1,7
BRF:4
BRH:2
end_of_record
TN:
SF:src/services/password.ts
FN:6,(anonymous_13)
FN:7,(anonymous_15)
FN:14,(anonymous_18)
FNF:3
FNH:2
FNDA:4,(anonymous_13)
FNDA:7,(anonymous_15)
FNDA:0,(anonymous_18)
DA:1,4
DA:2,4
DA:4,4
DA:6,4
DA:7,4
DA:8,7
DA:9,7
DA:11,7
DA:14,4
DA:15,0
DA:16,0
DA:18,0
DA:20,4
LF:13
LH:10
BRF:0
BRH:0
end_of_record
